2025-05-21 19:01:48,292 - job - INFO - Initialized JobManager
2025-05-21 19:01:48,340 - app - INFO - Starting Property Listing Extractor API server
2025-05-21 19:02:33,791 - app - INFO - Received upload request for provider: guarida
2025-05-21 19:02:33,794 - app - INFO - Generated job ID: c4ea5795-71f2-4e90-9425-f72cc979f47f
2025-05-21 19:02:33,831 - app - INFO - Saved uploaded file to: temp/c4ea5795-71f2-4e90-9425-f72cc979f47f.pdf
2025-05-21 19:02:33,835 - app - INFO - Starting PDF processing for job: c4ea5795-71f2-4e90-9425-f72cc979f47f
2025-05-21 19:02:33,835 - app - INFO - Starting PDF processing for provider: guarida
2025-05-21 19:02:33,836 - app - INFO - Using GuaridaParser for processing
2025-05-21 19:02:33,836 - parser - INFO - Initialized GuaridaParser with patterns
2025-05-21 19:02:33,836 - app - INFO - Extracting data from PDF
2025-05-21 19:02:33,836 - parser - INFO - Starting to parse PDF: temp/c4ea5795-71f2-4e90-9425-f72cc979f47f.pdf
2025-05-21 19:02:33,957 - parser - INFO - PDF has 82 pages
2025-05-21 19:02:33,961 - parser - INFO - Processing page 1/82
2025-05-21 19:02:34,870 - parser - INFO - Found 1 blocks on page 1
2025-05-21 19:02:34,875 - parser - INFO - Processing page 2/82
2025-05-21 19:02:35,234 - parser - INFO - Found 1 blocks on page 2
2025-05-21 19:02:35,237 - parser - INFO - Processing page 3/82
2025-05-21 19:02:35,603 - parser - INFO - Found 1 blocks on page 3
2025-05-21 19:02:35,605 - parser - INFO - Processing page 4/82
2025-05-21 19:02:36,344 - parser - INFO - Found 1 blocks on page 4
2025-05-21 19:02:36,347 - parser - INFO - Processing page 5/82
2025-05-21 19:02:36,772 - parser - INFO - Found 1 blocks on page 5
2025-05-21 19:02:36,772 - parser - INFO - Processing page 6/82
2025-05-21 19:02:37,066 - parser - INFO - Found 1 blocks on page 6
2025-05-21 19:02:37,067 - parser - INFO - Processing page 7/82
2025-05-21 19:02:37,386 - parser - INFO - Found 1 blocks on page 7
2025-05-21 19:02:37,386 - parser - INFO - Processing page 8/82
2025-05-21 19:02:37,625 - parser - INFO - Found 1 blocks on page 8
2025-05-21 19:02:37,626 - parser - INFO - Processing page 9/82
2025-05-21 19:02:38,070 - parser - INFO - Found 1 blocks on page 9
2025-05-21 19:02:38,072 - parser - INFO - Processing page 10/82
2025-05-21 19:02:38,343 - parser - INFO - Found 1 blocks on page 10
2025-05-21 19:02:38,343 - parser - INFO - Processing page 11/82
2025-05-21 19:02:38,579 - parser - INFO - Found 1 blocks on page 11
2025-05-21 19:02:38,579 - parser - INFO - Processing page 12/82
2025-05-21 19:02:38,816 - parser - INFO - Found 1 blocks on page 12
2025-05-21 19:02:38,817 - parser - INFO - Processing page 13/82
2025-05-21 19:02:39,052 - parser - INFO - Found 1 blocks on page 13
2025-05-21 19:02:39,055 - parser - INFO - Processing page 14/82
2025-05-21 19:02:39,309 - parser - INFO - Found 1 blocks on page 14
2025-05-21 19:02:39,309 - parser - INFO - Processing page 15/82
2025-05-21 19:02:39,689 - parser - INFO - Found 1 blocks on page 15
2025-05-21 19:02:39,693 - parser - INFO - Processing page 16/82
2025-05-21 19:02:39,993 - parser - INFO - Found 1 blocks on page 16
2025-05-21 19:02:39,996 - parser - INFO - Processing page 17/82
2025-05-21 19:02:40,339 - parser - INFO - Found 1 blocks on page 17
2025-05-21 19:02:40,341 - parser - INFO - Processing page 18/82
2025-05-21 19:02:40,593 - parser - INFO - Found 1 blocks on page 18
2025-05-21 19:02:40,596 - parser - INFO - Processing page 19/82
2025-05-21 19:02:40,850 - parser - INFO - Found 1 blocks on page 19
2025-05-21 19:02:40,853 - parser - INFO - Processing page 20/82
2025-05-21 19:02:41,364 - parser - INFO - Found 1 blocks on page 20
2025-05-21 19:02:41,366 - parser - INFO - Processing page 21/82
2025-05-21 19:02:41,710 - parser - INFO - Found 1 blocks on page 21
2025-05-21 19:02:41,713 - parser - INFO - Processing page 22/82
2025-05-21 19:02:41,976 - parser - INFO - Found 1 blocks on page 22
2025-05-21 19:02:41,978 - parser - INFO - Processing page 23/82
2025-05-21 19:02:42,231 - parser - INFO - Found 1 blocks on page 23
2025-05-21 19:02:42,234 - parser - INFO - Processing page 24/82
2025-05-21 19:02:42,486 - parser - INFO - Found 1 blocks on page 24
2025-05-21 19:02:42,489 - parser - INFO - Processing page 25/82
2025-05-21 19:02:42,745 - parser - INFO - Found 1 blocks on page 25
2025-05-21 19:02:42,747 - parser - INFO - Processing page 26/82
2025-05-21 19:02:43,195 - parser - INFO - Found 1 blocks on page 26
2025-05-21 19:02:43,196 - parser - INFO - Processing page 27/82
2025-05-21 19:02:43,489 - parser - INFO - Found 1 blocks on page 27
2025-05-21 19:02:43,492 - parser - INFO - Processing page 28/82
2025-05-21 19:02:43,854 - parser - INFO - Found 1 blocks on page 28
2025-05-21 19:02:43,855 - parser - INFO - Processing page 29/82
2025-05-21 19:02:44,152 - parser - INFO - Found 1 blocks on page 29
2025-05-21 19:02:44,158 - parser - INFO - Processing page 30/82
2025-05-21 19:02:44,418 - parser - INFO - Found 1 blocks on page 30
2025-05-21 19:02:44,421 - parser - INFO - Processing page 31/82
2025-05-21 19:02:44,691 - parser - INFO - Found 1 blocks on page 31
2025-05-21 19:02:44,692 - parser - INFO - Processing page 32/82
2025-05-21 19:02:45,216 - parser - INFO - Found 1 blocks on page 32
2025-05-21 19:02:45,218 - parser - INFO - Processing page 33/82
2025-05-21 19:02:45,537 - parser - INFO - Found 1 blocks on page 33
2025-05-21 19:02:45,539 - parser - INFO - Processing page 34/82
2025-05-21 19:02:45,826 - parser - INFO - Found 1 blocks on page 34
2025-05-21 19:02:45,829 - parser - INFO - Processing page 35/82
2025-05-21 19:02:46,127 - parser - INFO - Found 1 blocks on page 35
2025-05-21 19:02:46,127 - parser - INFO - Processing page 36/82
2025-05-21 19:02:46,382 - parser - INFO - Found 1 blocks on page 36
2025-05-21 19:02:46,384 - parser - INFO - Processing page 37/82
2025-05-21 19:02:46,645 - parser - INFO - Found 1 blocks on page 37
2025-05-21 19:02:46,645 - parser - INFO - Processing page 38/82
2025-05-21 19:02:46,917 - parser - INFO - Found 1 blocks on page 38
2025-05-21 19:02:46,919 - parser - INFO - Processing page 39/82
2025-05-21 19:02:47,251 - parser - INFO - Found 1 blocks on page 39
2025-05-21 19:02:47,253 - parser - INFO - Processing page 40/82
2025-05-21 19:02:47,873 - parser - INFO - Found 1 blocks on page 40
2025-05-21 19:02:47,875 - parser - INFO - Processing page 41/82
2025-05-21 19:02:48,139 - parser - INFO - Found 1 blocks on page 41
2025-05-21 19:02:48,141 - parser - INFO - Processing page 42/82
2025-05-21 19:02:48,406 - parser - INFO - Found 1 blocks on page 42
2025-05-21 19:02:48,409 - parser - INFO - Processing page 43/82
2025-05-21 19:02:48,681 - parser - INFO - Found 1 blocks on page 43
2025-05-21 19:02:48,681 - parser - INFO - Processing page 44/82
2025-05-21 19:02:48,956 - parser - INFO - Found 1 blocks on page 44
2025-05-21 19:02:48,958 - parser - INFO - Processing page 45/82
2025-05-21 19:02:49,276 - parser - INFO - Found 1 blocks on page 45
2025-05-21 19:02:49,279 - parser - INFO - Processing page 46/82
2025-05-21 19:02:49,565 - parser - INFO - Found 1 blocks on page 46
2025-05-21 19:02:49,567 - parser - INFO - Processing page 47/82
2025-05-21 19:02:49,893 - parser - INFO - Found 1 blocks on page 47
2025-05-21 19:02:49,895 - parser - INFO - Processing page 48/82
2025-05-21 19:02:50,195 - parser - INFO - Found 1 blocks on page 48
2025-05-21 19:02:50,197 - parser - INFO - Processing page 49/82
2025-05-21 19:02:50,760 - parser - INFO - Found 1 blocks on page 49
2025-05-21 19:02:50,763 - parser - INFO - Processing page 50/82
2025-05-21 19:02:51,028 - parser - INFO - Found 1 blocks on page 50
2025-05-21 19:02:51,029 - parser - INFO - Processing page 51/82
2025-05-21 19:02:51,268 - parser - INFO - Found 1 blocks on page 51
2025-05-21 19:02:51,270 - parser - INFO - Processing page 52/82
2025-05-21 19:02:51,523 - parser - INFO - Found 1 blocks on page 52
2025-05-21 19:02:51,527 - parser - INFO - Processing page 53/82
2025-05-21 19:02:51,779 - parser - INFO - Found 1 blocks on page 53
2025-05-21 19:02:51,781 - parser - INFO - Processing page 54/82
2025-05-21 19:02:52,044 - parser - INFO - Found 1 blocks on page 54
2025-05-21 19:02:52,046 - parser - INFO - Processing page 55/82
2025-05-21 19:02:52,307 - parser - INFO - Found 1 blocks on page 55
2025-05-21 19:02:52,309 - parser - INFO - Processing page 56/82
2025-05-21 19:02:52,592 - parser - INFO - Found 1 blocks on page 56
2025-05-21 19:02:52,593 - parser - INFO - Processing page 57/82
2025-05-21 19:02:52,862 - parser - INFO - Found 1 blocks on page 57
2025-05-21 19:02:52,865 - parser - INFO - Processing page 58/82
2025-05-21 19:02:53,118 - parser - INFO - Found 1 blocks on page 58
2025-05-21 19:02:53,120 - parser - INFO - Processing page 59/82
2025-05-21 19:02:53,711 - parser - INFO - Found 1 blocks on page 59
2025-05-21 19:02:53,714 - parser - INFO - Processing page 60/82
2025-05-21 19:02:53,979 - parser - INFO - Found 1 blocks on page 60
2025-05-21 19:02:53,982 - parser - INFO - Processing page 61/82
2025-05-21 19:02:54,273 - parser - INFO - Found 1 blocks on page 61
2025-05-21 19:02:54,276 - parser - INFO - Processing page 62/82
2025-05-21 19:02:54,532 - parser - INFO - Found 1 blocks on page 62
2025-05-21 19:02:54,532 - parser - INFO - Processing page 63/82
2025-05-21 19:02:54,787 - parser - INFO - Found 1 blocks on page 63
2025-05-21 19:02:54,789 - parser - INFO - Processing page 64/82
2025-05-21 19:02:55,133 - parser - INFO - Found 1 blocks on page 64
2025-05-21 19:02:55,133 - parser - INFO - Processing page 65/82
2025-05-21 19:02:55,373 - parser - INFO - Found 1 blocks on page 65
2025-05-21 19:02:55,374 - parser - INFO - Processing page 66/82
2025-05-21 19:02:55,607 - parser - INFO - Found 1 blocks on page 66
2025-05-21 19:02:55,610 - parser - INFO - Processing page 67/82
2025-05-21 19:02:55,844 - parser - INFO - Found 1 blocks on page 67
2025-05-21 19:02:55,846 - parser - INFO - Processing page 68/82
2025-05-21 19:02:56,124 - parser - INFO - Found 1 blocks on page 68
2025-05-21 19:02:56,127 - parser - INFO - Processing page 69/82
2025-05-21 19:02:56,354 - parser - INFO - Found 1 blocks on page 69
2025-05-21 19:02:56,355 - parser - INFO - Processing page 70/82
2025-05-21 19:02:56,594 - parser - INFO - Found 1 blocks on page 70
2025-05-21 19:02:56,594 - parser - INFO - Processing page 71/82
2025-05-21 19:02:57,241 - parser - INFO - Found 1 blocks on page 71
2025-05-21 19:02:57,244 - parser - INFO - Processing page 72/82
2025-05-21 19:02:57,495 - parser - INFO - Found 1 blocks on page 72
2025-05-21 19:02:57,498 - parser - INFO - Processing page 73/82
2025-05-21 19:02:57,743 - parser - INFO - Found 1 blocks on page 73
2025-05-21 19:02:57,746 - parser - INFO - Processing page 74/82
2025-05-21 19:02:57,996 - parser - INFO - Found 1 blocks on page 74
2025-05-21 19:02:57,999 - parser - INFO - Processing page 75/82
2025-05-21 19:02:58,237 - parser - INFO - Found 1 blocks on page 75
2025-05-21 19:02:58,240 - parser - INFO - Processing page 76/82
2025-05-21 19:02:58,501 - parser - INFO - Found 1 blocks on page 76
2025-05-21 19:02:58,501 - parser - INFO - Processing page 77/82
2025-05-21 19:02:58,752 - parser - INFO - Found 1 blocks on page 77
2025-05-21 19:02:58,754 - parser - INFO - Processing page 78/82
2025-05-21 19:02:59,007 - parser - INFO - Found 1 blocks on page 78
2025-05-21 19:02:59,007 - parser - INFO - Processing page 79/82
2025-05-21 19:02:59,259 - parser - INFO - Found 1 blocks on page 79
2025-05-21 19:02:59,261 - parser - INFO - Processing page 80/82
2025-05-21 19:02:59,577 - parser - INFO - Found 1 blocks on page 80
2025-05-21 19:02:59,580 - parser - INFO - Processing page 81/82
2025-05-21 19:02:59,868 - parser - INFO - Found 1 blocks on page 81
2025-05-21 19:02:59,871 - parser - INFO - Processing page 82/82
2025-05-21 19:02:59,995 - parser - INFO - Found 1 blocks on page 82
2025-05-21 19:02:59,996 - parser - INFO - Successfully parsed PDF. Extracted 0 records
2025-05-21 19:02:59,997 - app - INFO - Successfully extracted 0 records
2025-05-21 19:02:59,997 - app - INFO - Formatting data to CSV
2025-05-21 19:02:59,997 - app - INFO - Formatting 0 records to CSV
2025-05-21 19:02:59,997 - app - WARNING - No data to format, returning empty CSV with headers
2025-05-21 19:02:59,998 - app - INFO - CSV formatting completed
2025-05-21 19:03:00,000 - app - INFO - Saved processed data to: temp/c4ea5795-71f2-4e90-9425-f72cc979f47f.csv
2025-05-21 19:03:00,000 - job - INFO - Updating job c4ea5795-71f2-4e90-9425-f72cc979f47f - Status: completed
2025-05-21 19:03:00,000 - job - INFO - Job c4ea5795-71f2-4e90-9425-f72cc979f47f completed successfully
2025-05-21 19:03:00,001 - app - INFO - Job c4ea5795-71f2-4e90-9425-f72cc979f47f completed successfully
2025-05-21 19:03:18,779 - app - INFO - Download request for job: c4ea5795-71f2-4e90-9425-f72cc979f47f
2025-05-21 19:03:18,780 - app - INFO - Serving file for job: c4ea5795-71f2-4e90-9425-f72cc979f47f
2025-05-21 19:09:17,480 - job - INFO - Initialized JobManager
2025-05-21 19:09:17,532 - app - INFO - Starting Property Listing Extractor API server
2025-05-21 19:10:05,753 - job - INFO - Initialized JobManager
2025-05-21 19:12:27,251 - job - INFO - Initialized JobManager
2025-05-21 19:13:59,626 - job - INFO - Initialized JobManager
2025-05-21 19:14:08,470 - job - INFO - Initialized JobManager
2025-05-21 19:14:51,929 - job - INFO - Initialized JobManager
